<?xml version="1.0" encoding="UTF-8"?>
<testsuite name="ohtu.intjoukkosovellus.JoukkoOperaatiotTest" tests="3" skipped="0" failures="0" errors="0" timestamp="2019-11-15T12:02:14" hostname="lx8-fuxi089" time="0.003">
  <properties/>
  <testcase name="testLeikkaus" classname="ohtu.intjoukkosovellus.JoukkoOperaatiotTest" time="0.0"/>
  <testcase name="testYhdiste" classname="ohtu.intjoukkosovellus.JoukkoOperaatiotTest" time="0.0"/>
  <testcase name="testErotus" classname="ohtu.intjoukkosovellus.JoukkoOperaatiotTest" time="0.003"/>
  <system-out><![CDATA[[I@71ff2181
]]></system-out>
  <system-err><![CDATA[]]></system-err>
</testsuite>
