<?xml version="1.0" encoding="UTF-8"?>
<testsuite name="As a registered user can log in with valid username/password-combination" tests="3" skipped="0" failures="0" errors="0" timestamp="2019-11-12T10:22:17" hostname="lx8-fuxi089" time="1.421">
  <properties/>
  <testcase name="user can login with correct password" classname="As a registered user can log in with valid username/password-combination" time="1.157"/>
  <testcase name="user can not login with incorrect password" classname="As a registered user can log in with valid username/password-combination" time="0.17"/>
  <testcase name="nonexistent user can not login to" classname="As a registered user can log in with valid username/password-combination" time="0.093"/>
  <system-out><![CDATA[Feature: As a registered user can log in with valid username/password-combination

  Scenario: user can login with correct password                 ?[90m# src/test/resources/ohtu/logging_in.feature:3?[0m
    ?[32mGiven ?[0m?[32mlogin is selected?[0m                                      ?[90m# Stepdefs.loginIsSelected()?[0m
    ?[32mWhen ?[0m?[32mcorrect username ?[0m?[32m?[1m"jukka"?[0m?[32m and password ?[0m?[32m?[1m"akkuj"?[0m?[32m are given?[0m ?[90m# Stepdefs.correctUsernameAndPasswordAreGiven(String,String)?[0m
<?xml version="1.0" encoding="UTF-8"?>
<html lang="en">
  <head>
    <meta charset="utf-8"/>
    <title>
      Ohtu app
    </title>
  </head>
  <body>
    <h1>
      Ohtu Application main page
    </h1>
    <p>
      Lorem ipsum dolor sit amet, consectetur adipiscing elit. Suspendisse faucibus lectus in dolor consectetur sagittis. Morbi aliquam nunc eu volutpat scelerisque. Aenean a elementum nibh. Aliquam neque mauris, ornare at urna in, sollicitudin tempus diam. Orci varius natoque penatibus et magnis dis parturient montes, nascetur ridiculus mus. Pellentesque a purus efficitur, auctor tortor non, auctor ligula. Ut lorem nibh, sagittis ut diam at, porta viverra neque. Donec placerat libero sed suscipit sollicitudin.
    </p>
    <p>
      <a href="/">
        logout
      </a>
    </p>
  </body>
</html>

    ?[32mThen ?[0m?[32muser is logged in?[0m                                       ?[90m# Stepdefs.userIsLoggedIn()?[0m

  Scenario: user can not login with incorrect password                     ?[90m# src/test/resources/ohtu/logging_in.feature:8?[0m
    ?[32mGiven ?[0m?[32mlogin is selected?[0m                                                ?[90m# Stepdefs.loginIsSelected()?[0m
    ?[32mWhen ?[0m?[32mcorrect username ?[0m?[32m?[1m"jukka"?[0m?[32m and incorrect password ?[0m?[32m?[1m"wrong"?[0m?[32m are given?[0m ?[90m# Stepdefs.correctUsernameAndIncorrectPasswordAreGiven(String,String)?[0m
    ?[32mThen ?[0m?[32muser is not logged in and error message is given?[0m                  ?[90m# Stepdefs.userIsNotLoggedInAndErrorMessageIsGiven()?[0m

  Scenario: nonexistent user can not login to                      ?[90m# src/test/resources/ohtu/logging_in.feature:13?[0m
    ?[32mGiven ?[0m?[32mlogin is selected?[0m                                        ?[90m# Stepdefs.loginIsSelected()?[0m
    ?[32mWhen ?[0m?[32mincorrect username ?[0m?[32m?[1m"zxcvb"?[0m?[32m and password ?[0m?[32m?[1m"zxcvb"?[0m?[32m are given?[0m ?[90m# Stepdefs.incorrectUsernameAndPasswordAreGiven(String,String)?[0m
    ?[32mThen ?[0m?[32muser is not logged in and error message is given?[0m          ?[90m# Stepdefs.userIsNotLoggedInAndErrorMessageIsGiven()?[0m
]]></system-out>
  <system-err><![CDATA[]]></system-err>
</testsuite>
