<?xml version="1.0" encoding="UTF-8"?>
<testsuite name="ohtuesimerkki.StatisticsTest" tests="4" skipped="0" failures="0" errors="0" timestamp="2019-10-29T14:18:27" hostname="lx8-fuxi089" time="0.004">
  <properties/>
  <testcase name="testTeam" classname="ohtuesimerkki.StatisticsTest" time="0.003"/>
  <testcase name="testSearchWhenNotFound" classname="ohtuesimerkki.StatisticsTest" time="0.0"/>
  <testcase name="testTopScorers" classname="ohtuesimerkki.StatisticsTest" time="0.0"/>
  <testcase name="testSearchWhenFound" classname="ohtuesimerkki.StatisticsTest" time="0.0"/>
  <system-out><![CDATA[]]></system-out>
  <system-err><![CDATA[]]></system-err>
</testsuite>
